<?xml version="1.0" encoding="UTF-8"?>
<!-- Generated by org.testng.reporters.JUnitReportReporter -->
<testsuite hostname="WS-242" name="performance.Data_Provider" tests="71" failures="0" timestamp="30 Mar 2017 05:22:12 GMT" time="0.141" errors="0">
  <testcase name="checkCommon" time="0.000" classname="performance.Data_Provider"/>
  <testcase name="checkCommon" time="0.015" classname="performance.Data_Provider"/>
  <testcase name="checkCommon" time="0.016" classname="performance.Data_Provider"/>
  <testcase name="checkCommon" time="0.000" classname="performance.Data_Provider"/>
  <testcase name="checkCommon" time="0.000" classname="performance.Data_Provider"/>
  <testcase name="checkCommon" time="0.000" classname="performance.Data_Provider"/>
  <testcase name="checkCommon" time="0.000" classname="performance.Data_Provider"/>
  <testcase name="checkCommon" time="0.000" classname="performance.Data_Provider"/>
  <testcase name="checkCommon" time="0.000" classname="performance.Data_Provider"/>
  <testcase name="checkCommon" time="0.000" classname="performance.Data_Provider"/>
  <testcase name="checkCommon" time="0.016" classname="performance.Data_Provider"/>
  <testcase name="checkCommon" time="0.000" classname="performance.Data_Provider"/>
  <testcase name="checkCommon" time="0.000" classname="performance.Data_Provider"/>
  <testcase name="checkCommon" time="0.000" classname="performance.Data_Provider"/>
  <testcase name="checkCommon" time="0.000" classname="performance.Data_Provider"/>
  <testcase name="checkCommon" time="0.000" classname="performance.Data_Provider"/>
  <testcase name="checkCommon" time="0.000" classname="performance.Data_Provider"/>
  <testcase name="checkCommon" time="0.000" classname="performance.Data_Provider"/>
  <testcase name="checkCommon" time="0.000" classname="performance.Data_Provider"/>
  <testcase name="checkCommon" time="0.000" classname="performance.Data_Provider"/>
  <testcase name="checkCommon" time="0.000" classname="performance.Data_Provider"/>
  <testcase name="checkCommon" time="0.000" classname="performance.Data_Provider"/>
  <testcase name="checkCommon" time="0.000" classname="performance.Data_Provider"/>
  <testcase name="checkCommon" time="0.000" classname="performance.Data_Provider"/>
  <testcase name="checkCommon" time="0.000" classname="performance.Data_Provider"/>
  <testcase name="checkCommon" time="0.000" classname="performance.Data_Provider"/>
  <testcase name="checkCommon" time="0.000" classname="performance.Data_Provider"/>
  <testcase name="checkCommon" time="0.000" classname="performance.Data_Provider"/>
  <testcase name="checkCommon" time="0.000" classname="performance.Data_Provider"/>
  <testcase name="checkCommon" time="0.000" classname="performance.Data_Provider"/>
  <testcase name="checkCommon" time="0.000" classname="performance.Data_Provider"/>
  <testcase name="checkCommon" time="0.000" classname="performance.Data_Provider"/>
  <testcase name="checkCommon" time="0.000" classname="performance.Data_Provider"/>
  <testcase name="checkCommon" time="0.000" classname="performance.Data_Provider"/>
  <testcase name="checkCommon" time="0.000" classname="performance.Data_Provider"/>
  <testcase name="checkCommon" time="0.000" classname="performance.Data_Provider"/>
  <testcase name="checkCommon" time="0.000" classname="performance.Data_Provider"/>
  <testcase name="checkCommon" time="0.015" classname="performance.Data_Provider"/>
  <testcase name="checkCommon" time="0.000" classname="performance.Data_Provider"/>
  <testcase name="checkCommon" time="0.000" classname="performance.Data_Provider"/>
  <testcase name="checkCommon" time="0.000" classname="performance.Data_Provider"/>
  <testcase name="checkCommon" time="0.000" classname="performance.Data_Provider"/>
  <testcase name="checkCommon" time="0.000" classname="performance.Data_Provider"/>
  <testcase name="checkCommon" time="0.000" classname="performance.Data_Provider"/>
  <testcase name="checkCommon" time="0.000" classname="performance.Data_Provider"/>
  <testcase name="checkCommon" time="0.000" classname="performance.Data_Provider"/>
  <testcase name="checkCommon" time="0.000" classname="performance.Data_Provider"/>
  <testcase name="checkCommon" time="0.016" classname="performance.Data_Provider"/>
  <testcase name="checkCommon" time="0.000" classname="performance.Data_Provider"/>
  <testcase name="checkCommon" time="0.000" classname="performance.Data_Provider"/>
  <testcase name="checkCommon" time="0.000" classname="performance.Data_Provider"/>
  <testcase name="checkCommon" time="0.000" classname="performance.Data_Provider"/>
  <testcase name="checkCommon" time="0.000" classname="performance.Data_Provider"/>
  <testcase name="checkCommon" time="0.000" classname="performance.Data_Provider"/>
  <testcase name="checkCommon" time="0.000" classname="performance.Data_Provider"/>
  <testcase name="checkCommon" time="0.000" classname="performance.Data_Provider"/>
  <testcase name="checkCommon" time="0.016" classname="performance.Data_Provider"/>
  <testcase name="checkCommon" time="0.000" classname="performance.Data_Provider"/>
  <testcase name="checkCommon" time="0.000" classname="performance.Data_Provider"/>
  <testcase name="checkCommon" time="0.015" classname="performance.Data_Provider"/>
  <testcase name="checkCommon" time="0.000" classname="performance.Data_Provider"/>
  <testcase name="checkCommon" time="0.000" classname="performance.Data_Provider"/>
  <testcase name="checkCommon" time="0.000" classname="performance.Data_Provider"/>
  <testcase name="checkCommon" time="0.000" classname="performance.Data_Provider"/>
  <testcase name="checkCommon" time="0.000" classname="performance.Data_Provider"/>
  <testcase name="checkCommon" time="0.016" classname="performance.Data_Provider"/>
  <testcase name="checkCommon" time="0.000" classname="performance.Data_Provider"/>
  <testcase name="checkCommon" time="0.000" classname="performance.Data_Provider"/>
  <testcase name="checkCommon" time="0.000" classname="performance.Data_Provider"/>
  <testcase name="checkCommon" time="0.016" classname="performance.Data_Provider"/>
  <testcase name="checkCommon" time="0.000" classname="performance.Data_Provider"/>
</testsuite> <!-- performance.Data_Provider -->
