<?xml version="1.0" encoding="UTF-8"?>
<!-- Generated by org.testng.reporters.JUnitReportReporter -->
<testsuite hostname="WS-242" name="performance.StudentInitiateSession" tests="1" failures="0" timestamp="30 Mar 2017 10:25:50 GMT" time="57.395" errors="0">
  <testcase name="testStudentScheduling" time="57.395" classname="performance.StudentInitiateSession"/>
</testsuite> <!-- performance.StudentInitiateSession -->
