<?xml version="1.0" encoding="UTF-8"?>
<!-- Generated by org.testng.reporters.JUnitReportReporter -->
<testsuite hostname="WS-242" name="performance.TutorJoinSession" tests="1" failures="0" timestamp="30 Mar 2017 09:49:00 GMT" time="76.841" errors="0">
  <testcase name="testTutorSessionJoin" time="76.841" classname="performance.TutorJoinSession"/>
</testsuite> <!-- performance.TutorJoinSession -->
