<?xml version="1.0" encoding="UTF-8"?>
<!-- Generated by org.testng.reporters.JUnitReportReporter -->
<testsuite hostname="WS-242" name="test.ODTest" tests="1" failures="0" timestamp="30 Mar 2017 11:37:35 GMT" time="36.559" errors="0">
  <testcase name="loginOD" time="36.559" classname="test.ODTest"/>
</testsuite> <!-- test.ODTest -->
