<?xml version="1.0" encoding="UTF-8"?>
<!-- Generated by org.testng.reporters.JUnitReportReporter -->
<testsuite hostname="WS-242" name="performance.RoughWork" tests="1" failures="0" timestamp="28 Mar 2017 12:58:17 GMT" time="43.928" errors="0">
  <testcase name="testStudentScheduling" time="43.928" classname="performance.RoughWork"/>
</testsuite> <!-- performance.RoughWork -->
